#
# There is insufficient memory for the Java Runtime Environment to continue.
# Native memory allocation (malloc) failed to allocate 583856 bytes for Chunk::new
# Possible reasons:
#   The system is out of physical RAM or swap space
#   The process is running with CompressedOops enabled, and the Java Heap may be blocking the growth of the native heap
# Possible solutions:
#   Reduce memory load on the system
#   Increase physical memory or swap space
#   Check if swap backing store is full
#   Decrease Java heap size (-Xmx/-Xms)
#   Decrease number of Java threads
#   Decrease Java thread stack sizes (-Xss)
#   Set larger code cache with -XX:ReservedCodeCacheSize=
#   JVM is running with Unscaled Compressed Oops mode in which the Java heap is
#     placed in the first 4GB address space. The Java Heap base address is the
#     maximum limit for the native heap growth. Please use -XX:HeapBaseMinAddress
#     to set the Java Heap base and to place the Java Heap above 4GB virtual address.
# This output file may be truncated or incomplete.
#
#  Out of Memory Error (./src/hotspot/share/memory/arena.cpp:197), pid=18664, tid=22480
#
# JRE version: OpenJDK Runtime Environment (11.0.10) (build 11.0.10+0-b96-7249189)
# Java VM: OpenJDK 64-Bit Server VM (11.0.10+0-b96-7249189, mixed mode, tiered, compressed oops, g1 gc, windows-amd64)
# No core dump will be written. Minidumps are not enabled by default on client versions of Windows
#

---------------  S U M M A R Y ------------

Command Line: --add-opens=java.base/java.util=ALL-UNNAMED --add-opens=java.base/java.lang=ALL-UNNAMED --add-opens=java.base/java.lang.invoke=ALL-UNNAMED --add-opens=java.base/java.util=ALL-UNNAMED --add-opens=java.prefs/java.util.prefs=ALL-UNNAMED --add-opens=java.prefs/java.util.prefs=ALL-UNNAMED --add-opens=java.base/java.nio.charset=ALL-UNNAMED --add-opens=java.base/java.net=ALL-UNNAMED --add-opens=java.base/java.util.concurrent.atomic=ALL-UNNAMED -Xmx2048m -Dfile.encoding=UTF-8 -Duser.country=CN -Duser.language=zh -Duser.variant org.gradle.launcher.daemon.bootstrap.GradleDaemon 7.0.2

Host: Intel(R) Core(TM) i5-9300H CPU @ 2.40GHz, 8 cores, 7G,  Windows 10 , 64 bit Build 19041 (10.0.19041.1348)
Time: Fri Nov 19 23:35:43 2021 中国标准时间 elapsed time: 76.183358 seconds (0d 0h 1m 16s)

---------------  T H R E A D  ---------------

Current thread (0x0000020b38ef7800):  JavaThread "C2 CompilerThread1" daemon [_thread_in_native, id=22480, stack(0x000000257a700000,0x000000257a800000)]


Current CompileTask:
C2:  76183 13107       4       com.sun.tools.javac.comp.Resolve::findField (316 bytes)

Stack: [0x000000257a700000,0x000000257a800000]
Native frames: (J=compiled Java code, j=interpreted, Vv=VM code, C=native code)
V  [jvm.dll+0x5ecfaa]
V  [jvm.dll+0x722bd5]
V  [jvm.dll+0x72412d]
V  [jvm.dll+0x7247e3]
V  [jvm.dll+0x242928]
V  [jvm.dll+0xbc4fc]
V  [jvm.dll+0xbca0c]
V  [jvm.dll+0x352d7d]
V  [jvm.dll+0x19800c]
V  [jvm.dll+0x1fb70e]
V  [jvm.dll+0x1fa7f4]
V  [jvm.dll+0x18354c]
V  [jvm.dll+0x208ee7]
V  [jvm.dll+0x207731]
V  [jvm.dll+0x6eb1cf]
V  [jvm.dll+0x6e3d45]
V  [jvm.dll+0x5ebe96]
C  [ucrtbase.dll+0x21bb2]
C  [KERNEL32.DLL+0x17034]
C  [ntdll.dll+0x52651]


---------------  P R O C E S S  ---------------

Threads class SMR info:
_java_thread_list=0x0000020b36351030, length=65, elements={
0x0000020b13c1c000, 0x0000020b2e861000, 0x0000020b2e862800, 0x0000020b2f166800,
0x0000020b2e87d800, 0x0000020b2e87e800, 0x0000020b2e88f800, 0x0000020b2e895000,
0x0000020b2e898800, 0x0000020b2f2c4000, 0x0000020b31b13800, 0x0000020b31315000,
0x0000020b30bcd000, 0x0000020b30fbb800, 0x0000020b30fbc000, 0x0000020b30fbe000,
0x0000020b32ac6000, 0x0000020b32ac7800, 0x0000020b32ac4000, 0x0000020b32acb800,
0x0000020b32acf800, 0x0000020b32ad0800, 0x0000020b32ad1000, 0x0000020b329c6000,
0x0000020b329ca000, 0x0000020b329cb000, 0x0000020b329c5000, 0x0000020b329d1800,
0x0000020b329ce000, 0x0000020b329cf800, 0x0000020b329cb800, 0x0000020b329c8800,
0x0000020b329cc800, 0x0000020b329c7000, 0x0000020b329cd800, 0x0000020b329c7800,
0x0000020b329cf000, 0x0000020b329c9000, 0x0000020b329d0800, 0x0000020b329d4000,
0x0000020b329d2000, 0x0000020b329d3000, 0x0000020b32ac6800, 0x0000020b32acd000,
0x0000020b32ace000, 0x0000020b32aca000, 0x0000020b32ac8000, 0x0000020b32aca800,
0x0000020b32ace800, 0x0000020b32ac9000, 0x0000020b32ad2000, 0x0000020b32ad3000,
0x0000020b30fbd000, 0x0000020b36c87000, 0x0000020b36c8c000, 0x0000020b36c88000,
0x0000020b36c86000, 0x0000020b36c8e800, 0x0000020b36c8a000, 0x0000020b36c8c800,
0x0000020b36c8d800, 0x0000020b36c89800, 0x0000020b36c88800, 0x0000020b36c8f000,
0x0000020b38ef7800
}

Java Threads: ( => current thread )
  0x0000020b13c1c000 JavaThread "main" [_thread_blocked, id=26276, stack(0x0000002575900000,0x0000002575a00000)]
  0x0000020b2e861000 JavaThread "Reference Handler" daemon [_thread_blocked, id=13564, stack(0x0000002576000000,0x0000002576100000)]
  0x0000020b2e862800 JavaThread "Finalizer" daemon [_thread_blocked, id=25572, stack(0x0000002576100000,0x0000002576200000)]
  0x0000020b2f166800 JavaThread "Signal Dispatcher" daemon [_thread_blocked, id=25548, stack(0x0000002576200000,0x0000002576300000)]
  0x0000020b2e87d800 JavaThread "Attach Listener" daemon [_thread_blocked, id=11540, stack(0x0000002576300000,0x0000002576400000)]
  0x0000020b2e87e800 JavaThread "Service Thread" daemon [_thread_blocked, id=17540, stack(0x0000002576400000,0x0000002576500000)]
  0x0000020b2e88f800 JavaThread "C2 CompilerThread0" daemon [_thread_in_native, id=25432, stack(0x0000002576500000,0x0000002576600000)]
  0x0000020b2e895000 JavaThread "C1 CompilerThread0" daemon [_thread_in_native, id=23116, stack(0x0000002576600000,0x0000002576700000)]
  0x0000020b2e898800 JavaThread "Sweeper thread" daemon [_thread_blocked, id=12324, stack(0x0000002576700000,0x0000002576800000)]
  0x0000020b2f2c4000 JavaThread "Common-Cleaner" daemon [_thread_blocked, id=21240, stack(0x0000002576800000,0x0000002576900000)]
  0x0000020b31b13800 JavaThread "Daemon health stats" [_thread_blocked, id=26312, stack(0x0000002576e00000,0x0000002576f00000)]
  0x0000020b31315000 JavaThread "Incoming local TCP Connector on port 59127" [_thread_in_native, id=25632, stack(0x0000002576a00000,0x0000002576b00000)]
  0x0000020b30bcd000 JavaThread "Daemon periodic checks" [_thread_blocked, id=26304, stack(0x0000002576b00000,0x0000002576c00000)]
  0x0000020b30fbb800 JavaThread "Cache worker for file hash cache (D:\java1818\caches\7.0.2\fileHashes)" [_thread_blocked, id=16652, stack(0x0000002577b00000,0x0000002577c00000)]
  0x0000020b30fbc000 JavaThread "File lock request listener" [_thread_in_native, id=14272, stack(0x0000002577c00000,0x0000002577d00000)]
  0x0000020b30fbe000 JavaThread "Cache worker for journal cache (D:\java1818\caches\journal-1)" [_thread_blocked, id=24936, stack(0x0000002577e00000,0x0000002577f00000)]
  0x0000020b32ac6000 JavaThread "File watcher server" daemon [_thread_in_native, id=25044, stack(0x0000002578000000,0x0000002578100000)]
  0x0000020b32ac7800 JavaThread "File watcher consumer" daemon [_thread_blocked, id=24388, stack(0x0000002578100000,0x0000002578200000)]
  0x0000020b32ac4000 JavaThread "Cache worker for execution history cache (D:\java1818\caches\7.0.2\executionHistory)" [_thread_blocked, id=15684, stack(0x0000002578500000,0x0000002578600000)]
  0x0000020b32acb800 JavaThread "jar transforms" [_thread_blocked, id=26192, stack(0x0000002578700000,0x0000002578800000)]
  0x0000020b32acf800 JavaThread "jar transforms Thread 2" [_thread_blocked, id=24076, stack(0x0000002578800000,0x0000002578900000)]
  0x0000020b32ad0800 JavaThread "Cache worker for file content cache (D:\java1818\caches\7.0.2\fileContent)" [_thread_blocked, id=25464, stack(0x0000002578900000,0x0000002578a00000)]
  0x0000020b32ad1000 JavaThread "jar transforms Thread 3" [_thread_blocked, id=15400, stack(0x0000002578b00000,0x0000002578c00000)]
  0x0000020b329c6000 JavaThread "jar transforms Thread 4" [_thread_blocked, id=19400, stack(0x0000002579500000,0x0000002579600000)]
  0x0000020b329ca000 JavaThread "jar transforms Thread 5" [_thread_blocked, id=26156, stack(0x0000002579600000,0x0000002579700000)]
  0x0000020b329cb000 JavaThread "jar transforms Thread 6" [_thread_blocked, id=26140, stack(0x0000002579700000,0x0000002579800000)]
  0x0000020b329c5000 JavaThread "jar transforms Thread 7" [_thread_blocked, id=24828, stack(0x0000002579800000,0x0000002579900000)]
  0x0000020b329d1800 JavaThread "jar transforms Thread 8" [_thread_blocked, id=22584, stack(0x0000002579900000,0x0000002579a00000)]
  0x0000020b329ce000 JavaThread "Memory manager" [_thread_blocked, id=15532, stack(0x0000002579a00000,0x0000002579b00000)]
  0x0000020b329cf800 JavaThread "pool-3-thread-1" [_thread_blocked, id=26200, stack(0x0000002579c00000,0x0000002579d00000)]
  0x0000020b329cb800 JavaThread "Daemon Thread 2" [_thread_blocked, id=23620, stack(0x0000002575600000,0x0000002575700000)]
  0x0000020b329c8800 JavaThread "Handler for socket connection from /127.0.0.1:59127 to /127.0.0.1:60448" [_thread_in_native, id=20808, stack(0x0000002575700000,0x0000002575800000)]
  0x0000020b329cc800 JavaThread "Cancel handler" [_thread_blocked, id=25032, stack(0x0000002575800000,0x0000002575900000)]
  0x0000020b329c7000 JavaThread "Daemon worker Thread 2" [_thread_blocked, id=3200, stack(0x0000002576f00000,0x0000002577000000)]
  0x0000020b329cd800 JavaThread "Asynchronous log dispatcher for DefaultDaemonConnection: socket connection from /127.0.0.1:59127 to /127.0.0.1:60448" [_thread_blocked, id=2248, stack(0x0000002577200000,0x0000002577300000)]
  0x0000020b329c7800 JavaThread "Stdin handler" [_thread_blocked, id=17800, stack(0x0000002577300000,0x0000002577400000)]
  0x0000020b329cf000 JavaThread "Daemon client event forwarder" [_thread_blocked, id=23840, stack(0x0000002577400000,0x0000002577500000)]
  0x0000020b329c9000 JavaThread "Cache worker for file hash cache (D:\fund\android\studying\.gradle\7.0.2\fileHashes)" [_thread_blocked, id=21248, stack(0x0000002577500000,0x0000002577600000)]
  0x0000020b329d0800 JavaThread "Cache worker for checksums cache (D:\fund\android\studying\.gradle\checksums)" [_thread_blocked, id=23664, stack(0x0000002577f00000,0x0000002578000000)]
  0x0000020b329d4000 JavaThread "Cache worker for cache directory md-supplier (D:\java1818\caches\7.0.2\md-supplier)" [_thread_blocked, id=23804, stack(0x0000002578200000,0x0000002578300000)]
  0x0000020b329d2000 JavaThread "Cache worker for cache directory md-rule (D:\java1818\caches\7.0.2\md-rule)" [_thread_blocked, id=17908, stack(0x0000002578300000,0x0000002578400000)]
  0x0000020b329d3000 JavaThread "Cache worker for dependencies-accessors (D:\fund\android\studying\.gradle\7.0.2\dependencies-accessors)" [_thread_blocked, id=5704, stack(0x0000002578400000,0x0000002578500000)]
  0x0000020b32ac6800 JavaThread "Cache worker for Build Output Cleanup Cache (D:\fund\android\studying\.gradle\buildOutputCleanup)" [_thread_blocked, id=21696, stack(0x0000002578600000,0x0000002578700000)]
  0x0000020b32acd000 JavaThread "Build operations" [_thread_blocked, id=24432, stack(0x0000002578a00000,0x0000002578b00000)]
  0x0000020b32ace000 JavaThread "Build operations Thread 2" [_thread_blocked, id=15812, stack(0x0000002578c00000,0x0000002578d00000)]
  0x0000020b32aca000 JavaThread "Build operations Thread 3" [_thread_blocked, id=20156, stack(0x0000002578d00000,0x0000002578e00000)]
  0x0000020b32ac8000 JavaThread "Build operations Thread 4" [_thread_blocked, id=20408, stack(0x0000002578e00000,0x0000002578f00000)]
  0x0000020b32aca800 JavaThread "Build operations Thread 5" [_thread_blocked, id=22944, stack(0x0000002578f00000,0x0000002579000000)]
  0x0000020b32ace800 JavaThread "Build operations Thread 6" [_thread_blocked, id=7588, stack(0x0000002579000000,0x0000002579100000)]
  0x0000020b32ac9000 JavaThread "Build operations Thread 7" [_thread_blocked, id=24060, stack(0x0000002579100000,0x0000002579200000)]
  0x0000020b32ad2000 JavaThread "Build operations Thread 8" [_thread_blocked, id=13428, stack(0x0000002579200000,0x0000002579300000)]
  0x0000020b32ad3000 JavaThread "build event listener" [_thread_blocked, id=20004, stack(0x0000002579300000,0x0000002579400000)]
  0x0000020b30fbd000 JavaThread "pool-6-thread-1" [_thread_blocked, id=24136, stack(0x0000002579400000,0x0000002579500000)]
  0x0000020b36c87000 JavaThread "build event listener" [_thread_blocked, id=26232, stack(0x0000002579b00000,0x0000002579c00000)]
  0x0000020b36c8c000 JavaThread "Execution worker for ':'" [_thread_blocked, id=23444, stack(0x0000002579d00000,0x0000002579e00000)]
  0x0000020b36c88000 JavaThread "Execution worker for ':' Thread 2" [_thread_blocked, id=12960, stack(0x0000002579e00000,0x0000002579f00000)]
  0x0000020b36c86000 JavaThread "Execution worker for ':' Thread 3" [_thread_blocked, id=25292, stack(0x0000002579f00000,0x000000257a000000)]
  0x0000020b36c8e800 JavaThread "Execution worker for ':' Thread 4" [_thread_in_Java, id=24408, stack(0x000000257a000000,0x000000257a100000)]
  0x0000020b36c8a000 JavaThread "Execution worker for ':' Thread 5" [_thread_blocked, id=24720, stack(0x000000257a100000,0x000000257a200000)]
  0x0000020b36c8c800 JavaThread "Execution worker for ':' Thread 6" [_thread_blocked, id=16932, stack(0x000000257a200000,0x000000257a300000)]
  0x0000020b36c8d800 JavaThread "Execution worker for ':' Thread 7" [_thread_blocked, id=19436, stack(0x000000257a300000,0x000000257a400000)]
  0x0000020b36c89800 JavaThread "Cache worker for execution history cache (D:\fund\android\studying\.gradle\7.0.2\executionHistory)" [_thread_blocked, id=21260, stack(0x000000257a400000,0x000000257a500000)]
  0x0000020b36c88800 JavaThread "Cache worker for Java compile cache (D:\java1818\caches\7.0.2\javaCompile)" [_thread_blocked, id=17008, stack(0x000000257a500000,0x000000257a600000)]
  0x0000020b36c8f000 JavaThread "Cache worker for Java compile cache (D:\fund\android\studying\.gradle\7.0.2\javaCompile)" [_thread_blocked, id=23300, stack(0x000000257a600000,0x000000257a700000)]
=>0x0000020b38ef7800 JavaThread "C2 CompilerThread1" daemon [_thread_in_native, id=22480, stack(0x000000257a700000,0x000000257a800000)]

Other Threads:
  0x0000020b2e85f000 VMThread "VM Thread" [stack: 0x0000002575f00000,0x0000002576000000] [id=20028]
  0x0000020b2f2dd800 WatcherThread [stack: 0x0000002576900000,0x0000002576a00000] [id=8260]
  0x0000020b13c33800 GCTaskThread "GC Thread#0" [stack: 0x0000002575a00000,0x0000002575b00000] [id=26272]
  0x0000020b2ff85800 GCTaskThread "GC Thread#1" [stack: 0x0000002576c00000,0x0000002576d00000] [id=13592]
  0x0000020b2ff3f800 GCTaskThread "GC Thread#2" [stack: 0x0000002576d00000,0x0000002576e00000] [id=25228]
  0x0000020b325d7000 GCTaskThread "GC Thread#3" [stack: 0x0000002577600000,0x0000002577700000] [id=26484]
  0x0000020b30f43800 GCTaskThread "GC Thread#4" [stack: 0x0000002577700000,0x0000002577800000] [id=26352]
  0x0000020b30fb2800 GCTaskThread "GC Thread#5" [stack: 0x0000002577800000,0x0000002577900000] [id=26572]
  0x0000020b31e81000 GCTaskThread "GC Thread#6" [stack: 0x0000002577900000,0x0000002577a00000] [id=26568]
  0x0000020b31e16000 GCTaskThread "GC Thread#7" [stack: 0x0000002577a00000,0x0000002577b00000] [id=26560]
  0x0000020b13c69800 ConcurrentGCThread "G1 Main Marker" [stack: 0x0000002575b00000,0x0000002575c00000] [id=8164]
  0x0000020b13c6b800 ConcurrentGCThread "G1 Conc#0" [stack: 0x0000002575c00000,0x0000002575d00000] [id=17188]
  0x0000020b31b0b800 ConcurrentGCThread "G1 Conc#1" [stack: 0x0000002577d00000,0x0000002577e00000] [id=2360]
  0x0000020b2e6b0800 ConcurrentGCThread "G1 Refine#0" [stack: 0x0000002575d00000,0x0000002575e00000] [id=18792]
  0x0000020b2e6b1800 ConcurrentGCThread "G1 Young RemSet Sampling" [stack: 0x0000002575e00000,0x0000002575f00000] [id=25312]

Threads with active compile tasks:
C2 CompilerThread0  76239 13179       4       org.gradle.internal.snapshot.VfsRelativePath::hasPrefix (114 bytes)
C2 CompilerThread1  76239 13107       4       com.sun.tools.javac.comp.Resolve::findField (316 bytes)

VM state:not at safepoint (normal execution)

VM Mutex/Monitor currently owned by a thread: None

Heap address: 0x0000000080000000, size: 2048 MB, Compressed Oops mode: 32-bit
Narrow klass base: 0x0000000000000000, Narrow klass shift: 3
Compressed class space size: 1073741824 Address: 0x0000000100000000

Heap:
 garbage-first heap   total 131072K, used 101226K [0x0000000080000000, 0x0000000100000000)
  region size 1024K, 10 young (10240K), 1 survivors (1024K)
 Metaspace       used 97197K, capacity 99555K, committed 99788K, reserved 1138688K
  class space    used 12062K, capacity 12910K, committed 13004K, reserved 1048576K
Heap Regions: E=young(eden), S=young(survivor), O=old, HS=humongous(starts), HC=humongous(continues), CS=collection set, F=free, A=archive, TAMS=top-at-mark-start (previous, next)
|   0|0x0000000080000000, 0x0000000080100000, 0x0000000080100000|100%| O|  |TAMS 0x0000000080100000, 0x0000000080000000| Untracked 
|   1|0x0000000080100000, 0x0000000080200000, 0x0000000080200000|100%| O|  |TAMS 0x0000000080200000, 0x0000000080100000| Untracked 
|   2|0x0000000080200000, 0x0000000080300000, 0x0000000080300000|100%| O|  |TAMS 0x0000000080300000, 0x0000000080200000| Untracked 
|   3|0x0000000080300000, 0x0000000080400000, 0x0000000080400000|100%|HS|  |TAMS 0x0000000080400000, 0x0000000080300000| Complete 
|   4|0x0000000080400000, 0x0000000080500000, 0x0000000080500000|100%|HC|  |TAMS 0x0000000080500000, 0x0000000080400000| Complete 
|   5|0x0000000080500000, 0x0000000080600000, 0x0000000080600000|100%|HC|  |TAMS 0x0000000080600000, 0x0000000080500000| Complete 
|   6|0x0000000080600000, 0x0000000080700000, 0x0000000080700000|100%| O|  |TAMS 0x0000000080700000, 0x0000000080600000| Untracked 
|   7|0x0000000080700000, 0x0000000080800000, 0x0000000080800000|100%| O|  |TAMS 0x0000000080800000, 0x0000000080700000| Untracked 
|   8|0x0000000080800000, 0x0000000080900000, 0x0000000080900000|100%| O|  |TAMS 0x0000000080900000, 0x0000000080800000| Untracked 
|   9|0x0000000080900000, 0x0000000080a00000, 0x0000000080a00000|100%| O|  |TAMS 0x0000000080a00000, 0x0000000080900000| Untracked 
|  10|0x0000000080a00000, 0x0000000080b00000, 0x0000000080b00000|100%| O|  |TAMS 0x0000000080b00000, 0x0000000080a00000| Untracked 
|  11|0x0000000080b00000, 0x0000000080c00000, 0x0000000080c00000|100%| O|  |TAMS 0x0000000080c00000, 0x0000000080b00000| Untracked 
|  12|0x0000000080c00000, 0x0000000080d00000, 0x0000000080d00000|100%| O|  |TAMS 0x0000000080d00000, 0x0000000080c00000| Untracked 
|  13|0x0000000080d00000, 0x0000000080e00000, 0x0000000080e00000|100%| O|  |TAMS 0x0000000080e00000, 0x0000000080d00000| Untracked 
|  14|0x0000000080e00000, 0x0000000080f00000, 0x0000000080f00000|100%| O|  |TAMS 0x0000000080f00000, 0x0000000080e00000| Untracked 
|  15|0x0000000080f00000, 0x0000000081000000, 0x0000000081000000|100%| O|  |TAMS 0x0000000081000000, 0x0000000080f00000| Untracked 
|  16|0x0000000081000000, 0x0000000081100000, 0x0000000081100000|100%|HS|  |TAMS 0x0000000081100000, 0x0000000081000000| Complete 
|  17|0x0000000081100000, 0x0000000081200000, 0x0000000081200000|100%| O|  |TAMS 0x0000000081200000, 0x0000000081100000| Untracked 
|  18|0x0000000081200000, 0x0000000081300000, 0x0000000081300000|100%| O|  |TAMS 0x0000000081300000, 0x0000000081200000| Untracked 
|  19|0x0000000081300000, 0x0000000081400000, 0x0000000081400000|100%| O|  |TAMS 0x0000000081400000, 0x0000000081300000| Untracked 
|  20|0x0000000081400000, 0x0000000081500000, 0x0000000081500000|100%| O|  |TAMS 0x0000000081500000, 0x0000000081400000| Untracked 
|  21|0x0000000081500000, 0x0000000081600000, 0x0000000081600000|100%| O|  |TAMS 0x0000000081600000, 0x0000000081500000| Untracked 
|  22|0x0000000081600000, 0x0000000081700000, 0x0000000081700000|100%| O|  |TAMS 0x0000000081700000, 0x0000000081600000| Untracked 
|  23|0x0000000081700000, 0x0000000081800000, 0x0000000081800000|100%| O|  |TAMS 0x0000000081800000, 0x0000000081700000| Untracked 
|  24|0x0000000081800000, 0x0000000081900000, 0x0000000081900000|100%| O|  |TAMS 0x0000000081900000, 0x0000000081800000| Untracked 
|  25|0x0000000081900000, 0x0000000081a00000, 0x0000000081a00000|100%| O|  |TAMS 0x0000000081a00000, 0x0000000081900000| Untracked 
|  26|0x0000000081a00000, 0x0000000081b00000, 0x0000000081b00000|100%| O|  |TAMS 0x0000000081b00000, 0x0000000081a00000| Untracked 
|  27|0x0000000081b00000, 0x0000000081c00000, 0x0000000081c00000|100%|HS|  |TAMS 0x0000000081c00000, 0x0000000081b00000| Complete 
|  28|0x0000000081c00000, 0x0000000081d00000, 0x0000000081d00000|100%|HS|  |TAMS 0x0000000081d00000, 0x0000000081c00000| Complete 
|  29|0x0000000081d00000, 0x0000000081e00000, 0x0000000081e00000|100%|HC|  |TAMS 0x0000000081e00000, 0x0000000081d00000| Complete 
|  30|0x0000000081e00000, 0x0000000081f00000, 0x0000000081f00000|100%| O|  |TAMS 0x0000000081e00000, 0x0000000081e00000| Untracked 
|  31|0x0000000081f00000, 0x0000000082000000, 0x0000000082000000|100%| O|  |TAMS 0x0000000082000000, 0x0000000081f00000| Untracked 
|  32|0x0000000082000000, 0x0000000082100000, 0x0000000082100000|100%| O|  |TAMS 0x0000000082100000, 0x0000000082000000| Untracked 
|  33|0x0000000082100000, 0x0000000082200000, 0x0000000082200000|100%| O|  |TAMS 0x0000000082200000, 0x0000000082100000| Untracked 
|  34|0x0000000082200000, 0x0000000082300000, 0x0000000082300000|100%| O|  |TAMS 0x0000000082300000, 0x0000000082200000| Untracked 
|  35|0x0000000082300000, 0x0000000082400000, 0x0000000082400000|100%| O|  |TAMS 0x0000000082400000, 0x0000000082300000| Untracked 
|  36|0x0000000082400000, 0x0000000082500000, 0x0000000082500000|100%| O|  |TAMS 0x0000000082500000, 0x0000000082400000| Untracked 
|  37|0x0000000082500000, 0x0000000082600000, 0x0000000082600000|100%| O|  |TAMS 0x0000000082600000, 0x0000000082500000| Untracked 
|  38|0x0000000082600000, 0x0000000082700000, 0x0000000082700000|100%| O|  |TAMS 0x0000000082700000, 0x0000000082600000| Untracked 
|  39|0x0000000082700000, 0x0000000082800000, 0x0000000082800000|100%| O|  |TAMS 0x0000000082800000, 0x0000000082700000| Untracked 
|  40|0x0000000082800000, 0x0000000082900000, 0x0000000082900000|100%| O|  |TAMS 0x0000000082900000, 0x0000000082800000| Untracked 
|  41|0x0000000082900000, 0x0000000082a00000, 0x0000000082a00000|100%| O|  |TAMS 0x0000000082a00000, 0x0000000082900000| Untracked 
|  42|0x0000000082a00000, 0x0000000082b00000, 0x0000000082b00000|100%| O|  |TAMS 0x0000000082b00000, 0x0000000082a00000| Untracked 
|  43|0x0000000082b00000, 0x0000000082c00000, 0x0000000082c00000|100%| O|  |TAMS 0x0000000082c00000, 0x0000000082b00000| Untracked 
|  44|0x0000000082c00000, 0x0000000082d00000, 0x0000000082d00000|100%| O|  |TAMS 0x0000000082d00000, 0x0000000082c00000| Untracked 
|  45|0x0000000082d00000, 0x0000000082e00000, 0x0000000082e00000|100%| O|  |TAMS 0x0000000082e00000, 0x0000000082d00000| Untracked 
|  46|0x0000000082e00000, 0x0000000082f00000, 0x0000000082f00000|100%| O|  |TAMS 0x0000000082f00000, 0x0000000082e00000| Untracked 
|  47|0x0000000082f00000, 0x0000000083000000, 0x0000000083000000|100%| O|  |TAMS 0x0000000083000000, 0x0000000082f00000| Untracked 
|  48|0x0000000083000000, 0x0000000083100000, 0x0000000083100000|100%| O|  |TAMS 0x0000000083100000, 0x0000000083000000| Untracked 
|  49|0x0000000083100000, 0x0000000083200000, 0x0000000083200000|100%| O|  |TAMS 0x0000000083200000, 0x0000000083100000| Untracked 
|  50|0x0000000083200000, 0x0000000083300000, 0x0000000083300000|100%| O|  |TAMS 0x0000000083300000, 0x0000000083200000| Untracked 
|  51|0x0000000083300000, 0x0000000083300000, 0x0000000083400000|  0%| F|  |TAMS 0x0000000083300000, 0x0000000083300000| Untracked 
|  52|0x0000000083400000, 0x0000000083500000, 0x0000000083500000|100%| O|  |TAMS 0x0000000083500000, 0x0000000083400000| Untracked 
|  53|0x0000000083500000, 0x0000000083600000, 0x0000000083600000|100%| O|  |TAMS 0x0000000083600000, 0x0000000083500000| Untracked 
|  54|0x0000000083600000, 0x0000000083700000, 0x0000000083700000|100%| O|  |TAMS 0x0000000083700000, 0x0000000083600000| Untracked 
|  55|0x0000000083700000, 0x0000000083800000, 0x0000000083800000|100%| O|  |TAMS 0x0000000083800000, 0x0000000083700000| Untracked 
|  56|0x0000000083800000, 0x0000000083900000, 0x0000000083900000|100%| O|  |TAMS 0x0000000083800000, 0x0000000083800000| Untracked 
|  57|0x0000000083900000, 0x0000000083a00000, 0x0000000083a00000|100%| O|  |TAMS 0x0000000083900000, 0x0000000083900000| Untracked 
|  58|0x0000000083a00000, 0x0000000083b00000, 0x0000000083b00000|100%| O|  |TAMS 0x0000000083b00000, 0x0000000083a00000| Untracked 
|  59|0x0000000083b00000, 0x0000000083c00000, 0x0000000083c00000|100%| O|  |TAMS 0x0000000083c00000, 0x0000000083b00000| Untracked 
|  60|0x0000000083c00000, 0x0000000083d00000, 0x0000000083d00000|100%| O|  |TAMS 0x0000000083d00000, 0x0000000083c00000| Untracked 
|  61|0x0000000083d00000, 0x0000000083e00000, 0x0000000083e00000|100%| O|  |TAMS 0x0000000083e00000, 0x0000000083d00000| Untracked 
|  62|0x0000000083e00000, 0x0000000083f00000, 0x0000000083f00000|100%| O|  |TAMS 0x0000000083f00000, 0x0000000083e00000| Untracked 
|  63|0x0000000083f00000, 0x0000000084000000, 0x0000000084000000|100%| O|  |TAMS 0x0000000084000000, 0x0000000083f00000| Untracked 
|  64|0x0000000084000000, 0x0000000084100000, 0x0000000084100000|100%| O|  |TAMS 0x0000000084100000, 0x0000000084000000| Untracked 
|  65|0x0000000084100000, 0x0000000084200000, 0x0000000084200000|100%| O|  |TAMS 0x0000000084200000, 0x0000000084100000| Untracked 
|  66|0x0000000084200000, 0x0000000084300000, 0x0000000084300000|100%| O|  |TAMS 0x0000000084300000, 0x0000000084200000| Untracked 
|  67|0x0000000084300000, 0x0000000084300000, 0x0000000084400000|  0%| F|  |TAMS 0x0000000084300000, 0x0000000084300000| Untracked 
|  68|0x0000000084400000, 0x0000000084500000, 0x0000000084500000|100%| O|  |TAMS 0x0000000084400000, 0x0000000084400000| Untracked 
|  69|0x0000000084500000, 0x0000000084600000, 0x0000000084600000|100%| O|  |TAMS 0x0000000084500000, 0x0000000084500000| Untracked 
|  70|0x0000000084600000, 0x0000000084700000, 0x0000000084700000|100%| O|  |TAMS 0x0000000084700000, 0x0000000084600000| Untracked 
|  71|0x0000000084700000, 0x0000000084800000, 0x0000000084800000|100%| O|  |TAMS 0x0000000084800000, 0x0000000084700000| Untracked 
|  72|0x0000000084800000, 0x0000000084900000, 0x0000000084900000|100%| O|  |TAMS 0x0000000084900000, 0x0000000084800000| Untracked 
|  73|0x0000000084900000, 0x0000000084a00000, 0x0000000084a00000|100%| O|  |TAMS 0x0000000084a00000, 0x0000000084900000| Untracked 
|  74|0x0000000084a00000, 0x0000000084b00000, 0x0000000084b00000|100%| O|  |TAMS 0x0000000084b00000, 0x0000000084a00000| Untracked 
|  75|0x0000000084b00000, 0x0000000084b80000, 0x0000000084c00000| 50%| O|  |TAMS 0x0000000084b00000, 0x0000000084b00000| Untracked 
|  76|0x0000000084c00000, 0x0000000084d00000, 0x0000000084d00000|100%| O|  |TAMS 0x0000000084d00000, 0x0000000084c00000| Untracked 
|  77|0x0000000084d00000, 0x0000000084e00000, 0x0000000084e00000|100%| O|  |TAMS 0x0000000084e00000, 0x0000000084d00000| Untracked 
|  78|0x0000000084e00000, 0x0000000084f00000, 0x0000000084f00000|100%| O|  |TAMS 0x0000000084f00000, 0x0000000084e00000| Untracked 
|  79|0x0000000084f00000, 0x0000000084f00000, 0x0000000085000000|  0%| F|  |TAMS 0x0000000084f00000, 0x0000000084f00000| Untracked 
|  80|0x0000000085000000, 0x0000000085100000, 0x0000000085100000|100%|HS|  |TAMS 0x0000000085100000, 0x0000000085000000| Complete 
|  81|0x0000000085100000, 0x0000000085200000, 0x0000000085200000|100%|HC|  |TAMS 0x0000000085200000, 0x0000000085100000| Complete 
|  82|0x0000000085200000, 0x0000000085300000, 0x0000000085300000|100%| O|  |TAMS 0x0000000085300000, 0x0000000085200000| Untracked 
|  83|0x0000000085300000, 0x0000000085400000, 0x0000000085400000|100%| O|  |TAMS 0x0000000085400000, 0x0000000085300000| Untracked 
|  84|0x0000000085400000, 0x0000000085500000, 0x0000000085500000|100%| O|  |TAMS 0x0000000085500000, 0x0000000085400000| Untracked 
|  85|0x0000000085500000, 0x0000000085500000, 0x0000000085600000|  0%| F|  |TAMS 0x0000000085500000, 0x0000000085500000| Untracked 
|  86|0x0000000085600000, 0x0000000085700000, 0x0000000085700000|100%| O|  |TAMS 0x0000000085700000, 0x0000000085600000| Untracked 
|  87|0x0000000085700000, 0x0000000085800000, 0x0000000085800000|100%| O|  |TAMS 0x0000000085800000, 0x0000000085700000| Untracked 
|  88|0x0000000085800000, 0x0000000085900000, 0x0000000085900000|100%| O|  |TAMS 0x0000000085900000, 0x0000000085800000| Untracked 
|  89|0x0000000085900000, 0x0000000085a00000, 0x0000000085a00000|100%| O|  |TAMS 0x0000000085a00000, 0x0000000085900000| Untracked 
|  90|0x0000000085a00000, 0x0000000085b00000, 0x0000000085b00000|100%| O|  |TAMS 0x0000000085b00000, 0x0000000085a00000| Untracked 
|  91|0x0000000085b00000, 0x0000000085c00000, 0x0000000085c00000|100%| O|  |TAMS 0x0000000085c00000, 0x0000000085b00000| Untracked 
|  92|0x0000000085c00000, 0x0000000085d00000, 0x0000000085d00000|100%| O|  |TAMS 0x0000000085d00000, 0x0000000085c00000| Untracked 
|  93|0x0000000085d00000, 0x0000000085e00000, 0x0000000085e00000|100%| O|  |TAMS 0x0000000085e00000, 0x0000000085d00000| Untracked 
|  94|0x0000000085e00000, 0x0000000085f00000, 0x0000000085f00000|100%| O|  |TAMS 0x0000000085e51000, 0x0000000085e00000| Untracked 
|  95|0x0000000085f00000, 0x0000000085f00000, 0x0000000086000000|  0%| F|  |TAMS 0x0000000085f00000, 0x0000000085f00000| Untracked 
|  96|0x0000000086000000, 0x0000000086000000, 0x0000000086100000|  0%| F|  |TAMS 0x0000000086000000, 0x0000000086000000| Untracked 
|  97|0x0000000086100000, 0x0000000086100000, 0x0000000086200000|  0%| F|  |TAMS 0x0000000086100000, 0x0000000086100000| Untracked 
|  98|0x0000000086200000, 0x0000000086200000, 0x0000000086300000|  0%| F|  |TAMS 0x0000000086200000, 0x0000000086200000| Untracked 
|  99|0x0000000086300000, 0x0000000086300000, 0x0000000086400000|  0%| F|  |TAMS 0x0000000086300000, 0x0000000086300000| Untracked 
| 100|0x0000000086400000, 0x0000000086400000, 0x0000000086500000|  0%| F|  |TAMS 0x0000000086400000, 0x0000000086400000| Untracked 
| 101|0x0000000086500000, 0x0000000086500000, 0x0000000086600000|  0%| F|  |TAMS 0x0000000086500000, 0x0000000086500000| Untracked 
| 102|0x0000000086600000, 0x0000000086600000, 0x0000000086700000|  0%| F|  |TAMS 0x0000000086600000, 0x0000000086600000| Untracked 
| 103|0x0000000086700000, 0x0000000086700000, 0x0000000086800000|  0%| F|  |TAMS 0x0000000086700000, 0x0000000086700000| Untracked 
| 104|0x0000000086800000, 0x0000000086800000, 0x0000000086900000|  0%| F|  |TAMS 0x0000000086800000, 0x0000000086800000| Untracked 
| 105|0x0000000086900000, 0x0000000086900000, 0x0000000086a00000|  0%| F|  |TAMS 0x0000000086900000, 0x0000000086900000| Untracked 
| 106|0x0000000086a00000, 0x0000000086a00000, 0x0000000086b00000|  0%| F|  |TAMS 0x0000000086a00000, 0x0000000086a00000| Untracked 
| 107|0x0000000086b00000, 0x0000000086b00000, 0x0000000086c00000|  0%| F|  |TAMS 0x0000000086b00000, 0x0000000086b00000| Untracked 
| 108|0x0000000086c00000, 0x0000000086c00000, 0x0000000086d00000|  0%| F|  |TAMS 0x0000000086c00000, 0x0000000086c00000| Untracked 
| 109|0x0000000086d00000, 0x0000000086d00000, 0x0000000086e00000|  0%| F|  |TAMS 0x0000000086d00000, 0x0000000086d00000| Untracked 
| 110|0x0000000086e00000, 0x0000000086e00000, 0x0000000086f00000|  0%| F|  |TAMS 0x0000000086e00000, 0x0000000086e00000| Untracked 
| 111|0x0000000086f00000, 0x0000000086f00000, 0x0000000087000000|  0%| F|  |TAMS 0x0000000086f00000, 0x0000000086f00000| Untracked 
| 112|0x0000000087000000, 0x0000000087000000, 0x0000000087100000|  0%| F|  |TAMS 0x0000000087000000, 0x0000000087000000| Untracked 
| 113|0x0000000087100000, 0x0000000087100000, 0x0000000087200000|  0%| F|  |TAMS 0x0000000087100000, 0x0000000087100000| Untracked 
| 114|0x0000000087200000, 0x0000000087200000, 0x0000000087300000|  0%| F|  |TAMS 0x0000000087200000, 0x0000000087200000| Untracked 
| 115|0x0000000087300000, 0x0000000087300000, 0x0000000087400000|  0%| F|  |TAMS 0x0000000087300000, 0x0000000087300000| Untracked 
| 116|0x0000000087400000, 0x0000000087400000, 0x0000000087500000|  0%| F|  |TAMS 0x0000000087400000, 0x0000000087400000| Untracked 
| 117|0x0000000087500000, 0x00000000875a23e8, 0x0000000087600000| 63%| E|  |TAMS 0x0000000087500000, 0x0000000087500000| Complete 
| 118|0x0000000087600000, 0x0000000087700000, 0x0000000087700000|100%| E|CS|TAMS 0x0000000087600000, 0x0000000087600000| Complete 
| 119|0x0000000087700000, 0x0000000087800000, 0x0000000087800000|100%| E|CS|TAMS 0x0000000087700000, 0x0000000087700000| Complete 
| 120|0x0000000087800000, 0x0000000087900000, 0x0000000087900000|100%| E|CS|TAMS 0x0000000087800000, 0x0000000087800000| Complete 
| 121|0x0000000087900000, 0x0000000087a00000, 0x0000000087a00000|100%| E|CS|TAMS 0x0000000087900000, 0x0000000087900000| Complete 
| 122|0x0000000087a00000, 0x0000000087a5a9c0, 0x0000000087b00000| 35%| S|CS|TAMS 0x0000000087a00000, 0x0000000087a00000| Complete 
| 123|0x0000000087b00000, 0x0000000087c00000, 0x0000000087c00000|100%| E|CS|TAMS 0x0000000087b00000, 0x0000000087b00000| Complete 
| 124|0x0000000087c00000, 0x0000000087d00000, 0x0000000087d00000|100%| E|CS|TAMS 0x0000000087c00000, 0x0000000087c00000| Complete 
| 125|0x0000000087d00000, 0x0000000087e00000, 0x0000000087e00000|100%| E|CS|TAMS 0x0000000087d00000, 0x0000000087d00000| Complete 
| 126|0x0000000087e00000, 0x0000000087f00000, 0x0000000087f00000|100%| E|CS|TAMS 0x0000000087e00000, 0x0000000087e00000| Complete 
| 127|0x0000000087f00000, 0x0000000088000000, 0x0000000088000000|100%| E|CS|TAMS 0x0000000087f00000, 0x0000000087f00000| Complete 

Card table byte_map: [0x0000020b27590000,0x0000020b27990000] _byte_map_base: 0x0000020b27190000

Marking Bits (Prev, Next): (CMBitMap*) 0x0000020b13c607f8, (CMBitMap*) 0x0000020b13c60830
 Prev Bits: [0x0000020b27d90000, 0x0000020b29d90000)
 Next Bits: [0x0000020b29d90000, 0x0000020b2bd90000)

Polling page: 0x0000020b125c0000

Metaspace:

Usage:
  Non-class:     84.61 MB capacity,    83.15 MB ( 98%) used,     1.19 MB (  1%) free+waste,   278.75 KB ( <1%) overhead. 
      Class:     12.61 MB capacity,    11.78 MB ( 93%) used,   725.99 KB (  6%) free+waste,   121.19 KB ( <1%) overhead. 
       Both:     97.22 MB capacity,    94.93 MB ( 98%) used,     1.90 MB (  2%) free+waste,   399.94 KB ( <1%) overhead. 

Virtual space:
  Non-class space:       88.00 MB reserved,      84.75 MB ( 96%) committed 
      Class space:        1.00 GB reserved,      12.70 MB (  1%) committed 
             Both:        1.09 GB reserved,      97.45 MB (  9%) committed 

Chunk freelists:
   Non-Class:  11.00 KB
       Class:  0 bytes
        Both:  11.00 KB

MaxMetaspaceSize: 17179869184.00 GB
CompressedClassSpaceSize: 1.00 GB

CodeHeap 'non-profiled nmethods': size=120000Kb used=6447Kb max_used=6447Kb free=113552Kb
 bounds [0x0000020b1f1e0000, 0x0000020b1f830000, 0x0000020b26710000]
CodeHeap 'profiled nmethods': size=120000Kb used=27700Kb max_used=27700Kb free=92299Kb
 bounds [0x0000020b17cb0000, 0x0000020b197c0000, 0x0000020b1f1e0000]
CodeHeap 'non-nmethods': size=5760Kb used=2287Kb max_used=2335Kb free=3472Kb
 bounds [0x0000020b17710000, 0x0000020b17980000, 0x0000020b17cb0000]
 total_blobs=13959 nmethods=13064 adapters=806
 compilation: enabled
              stopped_count=0, restarted_count=0
 full_count=0

Compilation events (20 events):
Event: 76.160 Thread 0x0000020b2e895000 13163       2       org.gradle.internal.io.LineBufferingOutputStream::write (59 bytes)
Event: 76.160 Thread 0x0000020b2e895000 nmethod 13163 0x0000020b197a4f10 code [0x0000020b197a5140, 0x0000020b197a55d8]
Event: 76.160 Thread 0x0000020b2e895000 13164       2       org.gradle.internal.io.StreamByteBuffer$StreamByteBufferOutputStream::write (22 bytes)
Event: 76.160 Thread 0x0000020b2e895000 nmethod 13164 0x0000020b197a5990 code [0x0000020b197a5b60, 0x0000020b197a5d08]
Event: 76.162 Thread 0x0000020b2e895000 13165       2       java.lang.String::indexOf (29 bytes)
Event: 76.162 Thread 0x0000020b2e895000 nmethod 13165 0x0000020b197a5e90 code [0x0000020b197a6060, 0x0000020b197a61b8]
Event: 76.164 Thread 0x0000020b2e895000 13166       2       java.lang.String::indexOf (7 bytes)
Event: 76.164 Thread 0x0000020b2e895000 nmethod 13166 0x0000020b197a6290 code [0x0000020b197a6460, 0x0000020b197a65d8]
Event: 76.164 Thread 0x0000020b2e895000 13167       2       java.util.concurrent.locks.ReentrantReadWriteLock::writeLock (5 bytes)
Event: 76.164 Thread 0x0000020b2e895000 nmethod 13167 0x0000020b197a6690 code [0x0000020b197a6840, 0x0000020b197a6938]
Event: 76.171 Thread 0x0000020b2e895000 13168       2       java.lang.String::substring (58 bytes)
Event: 76.171 Thread 0x0000020b2e895000 nmethod 13168 0x0000020b197a6a10 code [0x0000020b197a6be0, 0x0000020b197a6ec8]
Event: 76.177 Thread 0x0000020b2e895000 13169       2       jdk.nio.zipfs.ZipFileSystem::beginWrite (15 bytes)
Event: 76.177 Thread 0x0000020b2e895000 nmethod 13169 0x0000020b197a7010 code [0x0000020b197a7200, 0x0000020b197a73f8]
Event: 76.177 Thread 0x0000020b2e895000 13170       2       java.util.concurrent.locks.ReentrantReadWriteLock$WriteLock::lock (9 bytes)
Event: 76.178 Thread 0x0000020b2e895000 nmethod 13170 0x0000020b197a7610 code [0x0000020b197a77e0, 0x0000020b197a7998]
Event: 76.180 Thread 0x0000020b2e895000 13172       2       java.util.concurrent.locks.ReentrantReadWriteLock$WriteLock::unlock (10 bytes)
Event: 76.180 Thread 0x0000020b2e895000 nmethod 13172 0x0000020b197a7b10 code [0x0000020b197a7ce0, 0x0000020b197a7e78]
Event: 76.180 Thread 0x0000020b2e895000 13171       2       jdk.nio.zipfs.ZipFileSystem::endWrite (15 bytes)
Event: 76.180 Thread 0x0000020b2e895000 nmethod 13171 0x0000020b197a7f90 code [0x0000020b197a8140, 0x0000020b197a82a8]

GC Heap History (20 events):
Event: 12.384 GC heap before
{Heap before GC invocations=21 (full 0):
 garbage-first heap   total 131072K, used 107263K [0x0000000080000000, 0x0000000100000000)
  region size 1024K, 44 young (45056K), 6 survivors (6144K)
 Metaspace       used 82643K, capacity 84809K, committed 84940K, reserved 1122304K
  class space    used 10635K, capacity 11423K, committed 11468K, reserved 1048576K
}
Event: 12.391 GC heap after
{Heap after GC invocations=22 (full 0):
 garbage-first heap   total 131072K, used 71386K [0x0000000080000000, 0x0000000100000000)
  region size 1024K, 5 young (5120K), 5 survivors (5120K)
 Metaspace       used 82643K, capacity 84809K, committed 84940K, reserved 1122304K
  class space    used 10635K, capacity 11423K, committed 11468K, reserved 1048576K
}
Event: 73.086 GC heap before
{Heap before GC invocations=23 (full 0):
 garbage-first heap   total 131072K, used 108250K [0x0000000080000000, 0x0000000100000000)
  region size 1024K, 42 young (43008K), 5 survivors (5120K)
 Metaspace       used 86302K, capacity 88438K, committed 88908K, reserved 1126400K
  class space    used 10899K, capacity 11634K, committed 11852K, reserved 1048576K
}
Event: 73.092 GC heap after
{Heap after GC invocations=24 (full 0):
 garbage-first heap   total 131072K, used 73774K [0x0000000080000000, 0x0000000100000000)
  region size 1024K, 5 young (5120K), 5 survivors (5120K)
 Metaspace       used 86302K, capacity 88438K, committed 88908K, reserved 1126400K
  class space    used 10899K, capacity 11634K, committed 11852K, reserved 1048576K
}
Event: 73.572 GC heap before
{Heap before GC invocations=24 (full 0):
 garbage-first heap   total 131072K, used 108590K [0x0000000080000000, 0x0000000100000000)
  region size 1024K, 40 young (40960K), 5 survivors (5120K)
 Metaspace       used 87210K, capacity 89318K, committed 89420K, reserved 1126400K
  class space    used 10954K, capacity 11756K, committed 11852K, reserved 1048576K
}
Event: 73.586 GC heap after
{Heap after GC invocations=25 (full 0):
 garbage-first heap   total 131072K, used 76902K [0x0000000080000000, 0x0000000100000000)
  region size 1024K, 5 young (5120K), 5 survivors (5120K)
 Metaspace       used 87210K, capacity 89318K, committed 89420K, reserved 1126400K
  class space    used 10954K, capacity 11756K, committed 11852K, reserved 1048576K
}
Event: 74.156 GC heap before
{Heap before GC invocations=26 (full 0):
 garbage-first heap   total 131072K, used 107622K [0x0000000080000000, 0x0000000100000000)
  region size 1024K, 36 young (36864K), 5 survivors (5120K)
 Metaspace       used 90146K, capacity 92330K, committed 92620K, reserved 1130496K
  class space    used 11317K, capacity 12162K, committed 12236K, reserved 1048576K
}
Event: 74.165 GC heap after
{Heap after GC invocations=27 (full 0):
 garbage-first heap   total 131072K, used 81584K [0x0000000080000000, 0x0000000100000000)
  region size 1024K, 5 young (5120K), 5 survivors (5120K)
 Metaspace       used 90146K, capacity 92330K, committed 92620K, reserved 1130496K
  class space    used 11317K, capacity 12162K, committed 12236K, reserved 1048576K
}
Event: 74.471 GC heap before
{Heap before GC invocations=27 (full 0):
 garbage-first heap   total 131072K, used 98992K [0x0000000080000000, 0x0000000100000000)
  region size 1024K, 24 young (24576K), 5 survivors (5120K)
 Metaspace       used 94205K, capacity 96426K, committed 96716K, reserved 1132544K
  class space    used 11816K, capacity 12656K, committed 12748K, reserved 1048576K
}
Event: 74.489 GC heap after
{Heap after GC invocations=28 (full 0):
 garbage-first heap   total 131072K, used 83931K [0x0000000080000000, 0x0000000100000000)
  region size 1024K, 3 young (3072K), 3 survivors (3072K)
 Metaspace       used 94205K, capacity 96426K, committed 96716K, reserved 1132544K
  class space    used 11816K, capacity 12656K, committed 12748K, reserved 1048576K
}
Event: 75.399 GC heap before
{Heap before GC invocations=29 (full 0):
 garbage-first heap   total 131072K, used 109531K [0x0000000080000000, 0x0000000100000000)
  region size 1024K, 27 young (27648K), 3 survivors (3072K)
 Metaspace       used 94751K, capacity 96955K, committed 97228K, reserved 1134592K
  class space    used 11856K, capacity 12703K, committed 12748K, reserved 1048576K
}
Event: 75.405 GC heap after
{Heap after GC invocations=30 (full 0):
 garbage-first heap   total 131072K, used 92448K [0x0000000080000000, 0x0000000100000000)
  region size 1024K, 4 young (4096K), 4 survivors (4096K)
 Metaspace       used 94751K, capacity 96955K, committed 97228K, reserved 1134592K
  class space    used 11856K, capacity 12703K, committed 12748K, reserved 1048576K
}
Event: 75.423 GC heap before
{Heap before GC invocations=30 (full 0):
 garbage-first heap   total 131072K, used 94496K [0x0000000080000000, 0x0000000100000000)
  region size 1024K, 6 young (6144K), 4 survivors (4096K)
 Metaspace       used 94760K, capacity 97019K, committed 97228K, reserved 1134592K
  class space    used 11856K, capacity 12703K, committed 12748K, reserved 1048576K
}
Event: 75.430 GC heap after
{Heap after GC invocations=31 (full 0):
 garbage-first heap   total 131072K, used 91174K [0x0000000080000000, 0x0000000100000000)
  region size 1024K, 1 young (1024K), 1 survivors (1024K)
 Metaspace       used 94760K, capacity 97019K, committed 97228K, reserved 1134592K
  class space    used 11856K, capacity 12703K, committed 12748K, reserved 1048576K
}
Event: 75.694 GC heap before
{Heap before GC invocations=31 (full 0):
 garbage-first heap   total 131072K, used 108582K [0x0000000080000000, 0x0000000100000000)
  region size 1024K, 18 young (18432K), 1 survivors (1024K)
 Metaspace       used 95924K, capacity 98209K, committed 98380K, reserved 1134592K
  class space    used 11976K, capacity 12857K, committed 12876K, reserved 1048576K
}
Event: 75.700 GC heap after
{Heap after GC invocations=32 (full 0):
 garbage-first heap   total 131072K, used 93424K [0x0000000080000000, 0x0000000100000000)
  region size 1024K, 3 young (3072K), 3 survivors (3072K)
 Metaspace       used 95924K, capacity 98209K, committed 98380K, reserved 1134592K
  class space    used 11976K, capacity 12857K, committed 12876K, reserved 1048576K
}
Event: 76.034 GC heap before
{Heap before GC invocations=33 (full 0):
 garbage-first heap   total 131072K, used 108784K [0x0000000080000000, 0x0000000100000000)
  region size 1024K, 19 young (19456K), 3 survivors (3072K)
 Metaspace       used 96863K, capacity 99086K, committed 99276K, reserved 1136640K
  class space    used 12024K, capacity 12889K, committed 13004K, reserved 1048576K
}
Event: 76.038 GC heap after
{Heap after GC invocations=34 (full 0):
 garbage-first heap   total 131072K, used 94248K [0x0000000080000000, 0x0000000100000000)
  region size 1024K, 1 young (1024K), 1 survivors (1024K)
 Metaspace       used 96863K, capacity 99086K, committed 99276K, reserved 1136640K
  class space    used 12024K, capacity 12889K, committed 13004K, reserved 1048576K
}
Event: 76.100 GC heap before
{Heap before GC invocations=34 (full 0):
 garbage-first heap   total 131072K, used 99368K [0x0000000080000000, 0x0000000100000000)
  region size 1024K, 6 young (6144K), 1 survivors (1024K)
 Metaspace       used 96943K, capacity 99215K, committed 99532K, reserved 1136640K
  class space    used 12024K, capacity 12889K, committed 13004K, reserved 1048576K
}
Event: 76.108 GC heap after
{Heap after GC invocations=35 (full 0):
 garbage-first heap   total 131072K, used 93034K [0x0000000080000000, 0x0000000100000000)
  region size 1024K, 1 young (1024K), 1 survivors (1024K)
 Metaspace       used 96943K, capacity 99215K, committed 99532K, reserved 1136640K
  class space    used 12024K, capacity 12889K, committed 13004K, reserved 1048576K
}

Deoptimization events (20 events):
Event: 76.159 Thread 0x0000020b36c8e800 Uncommon trap: trap_request=0xffffff4d fr.pc=0x0000020b1f22c518 relative=0x0000000000000458
Event: 76.159 Thread 0x0000020b36c8e800 Uncommon trap: reason=unstable_if action=reinterpret pc=0x0000020b1f22c518 method=java.lang.String.substring(II)Ljava/lang/String; @ 31 c2
Event: 76.159 Thread 0x0000020b36c8e800 DEOPT PACKING pc=0x0000020b1f22c518 sp=0x000000257a0f83c0
Event: 76.159 Thread 0x0000020b36c8e800 DEOPT UNPACKING pc=0x0000020b177378af sp=0x000000257a0f8378 mode 2
Event: 76.159 Thread 0x0000020b36c8e800 Uncommon trap: trap_request=0xffffff4d fr.pc=0x0000020b1f1f3910 relative=0x00000000000001f0
Event: 76.159 Thread 0x0000020b36c8e800 Uncommon trap: reason=unstable_if action=reinterpret pc=0x0000020b1f1f3910 method=java.lang.String.indexOf(II)I @ 4 c2
Event: 76.159 Thread 0x0000020b36c8e800 DEOPT PACKING pc=0x0000020b1f1f3910 sp=0x000000257a0f9870
Event: 76.159 Thread 0x0000020b36c8e800 DEOPT UNPACKING pc=0x0000020b177378af sp=0x000000257a0f9820 mode 2
Event: 76.160 Thread 0x0000020b32ac7800 Uncommon trap: trap_request=0xffffff4d fr.pc=0x0000020b1f753400 relative=0x0000000000000d40
Event: 76.161 Thread 0x0000020b32ac7800 Uncommon trap: reason=unstable_if action=reinterpret pc=0x0000020b1f753400 method=org.gradle.internal.file.DefaultFileHierarchySet$Node.isChildOfOrThis(Ljava/lang/String;I)Z @ 35 c2
Event: 76.161 Thread 0x0000020b32ac7800 DEOPT PACKING pc=0x0000020b1f753400 sp=0x00000025781fec90
Event: 76.161 Thread 0x0000020b32ac7800 DEOPT UNPACKING pc=0x0000020b177378af sp=0x00000025781feac0 mode 2
Event: 76.161 Thread 0x0000020b32ac7800 Uncommon trap: trap_request=0xffffff4d fr.pc=0x0000020b1f684830 relative=0x00000000000004f0
Event: 76.161 Thread 0x0000020b32ac7800 Uncommon trap: reason=unstable_if action=reinterpret pc=0x0000020b1f684830 method=org.gradle.internal.file.DefaultFileHierarchySet$Node.isChildOfOrThis(Ljava/lang/String;I)Z @ 35 c2
Event: 76.161 Thread 0x0000020b32ac7800 DEOPT PACKING pc=0x0000020b1f684830 sp=0x00000025781feb40
Event: 76.161 Thread 0x0000020b32ac7800 DEOPT UNPACKING pc=0x0000020b177378af sp=0x00000025781feaa8 mode 2
Event: 76.168 Thread 0x0000020b329cd800 Uncommon trap: trap_request=0xffffff4d fr.pc=0x0000020b1f43d5e4 relative=0x00000000000001e4
Event: 76.168 Thread 0x0000020b329cd800 Uncommon trap: reason=unstable_if action=reinterpret pc=0x0000020b1f43d5e4 method=com.esotericsoftware.kryo.io.Output.writeString(Ljava/lang/CharSequence;)V @ 83 c2
Event: 76.168 Thread 0x0000020b329cd800 DEOPT PACKING pc=0x0000020b1f43d5e4 sp=0x00000025772fe8d0
Event: 76.168 Thread 0x0000020b329cd800 DEOPT UNPACKING pc=0x0000020b177378af sp=0x00000025772fe850 mode 2

Classes redefined (0 events):
No events

Internal exceptions (20 events):
Event: 76.072 Thread 0x0000020b36c8e800 Exception <a 'sun/nio/fs/WindowsException'{0x0000000087c89bc8}> (0x0000000087c89bc8) thrown at [./src/hotspot/share/prims/jni.cpp, line 615]
Event: 76.074 Thread 0x0000020b36c8e800 Exception <a 'sun/nio/fs/WindowsException'{0x0000000087c93d20}> (0x0000000087c93d20) thrown at [./src/hotspot/share/prims/jni.cpp, line 615]
Event: 76.075 Thread 0x0000020b36c8e800 Exception <a 'sun/nio/fs/WindowsException'{0x0000000087c9ee58}> (0x0000000087c9ee58) thrown at [./src/hotspot/share/prims/jni.cpp, line 615]
Event: 76.078 Thread 0x0000020b36c8e800 Exception <a 'sun/nio/fs/WindowsException'{0x0000000087cd59c8}> (0x0000000087cd59c8) thrown at [./src/hotspot/share/prims/jni.cpp, line 615]
Event: 76.081 Thread 0x0000020b36c8e800 Exception <a 'sun/nio/fs/WindowsException'{0x0000000087ce0968}> (0x0000000087ce0968) thrown at [./src/hotspot/share/prims/jni.cpp, line 615]
Event: 76.082 Thread 0x0000020b36c8e800 Exception <a 'sun/nio/fs/WindowsException'{0x0000000087ce86d8}> (0x0000000087ce86d8) thrown at [./src/hotspot/share/prims/jni.cpp, line 615]
Event: 76.084 Thread 0x0000020b36c8e800 Exception <a 'sun/nio/fs/WindowsException'{0x0000000087cf2028}> (0x0000000087cf2028) thrown at [./src/hotspot/share/prims/jni.cpp, line 615]
Event: 76.085 Thread 0x0000020b36c8e800 Exception <a 'sun/nio/fs/WindowsException'{0x0000000087cf90f0}> (0x0000000087cf90f0) thrown at [./src/hotspot/share/prims/jni.cpp, line 615]
Event: 76.089 Thread 0x0000020b36c8e800 Exception <a 'sun/nio/fs/WindowsException'{0x0000000087b1b900}> (0x0000000087b1b900) thrown at [./src/hotspot/share/prims/jni.cpp, line 615]
Event: 76.131 Thread 0x0000020b36c8e800 Exception <a 'sun/nio/fs/WindowsException'{0x0000000087db2660}> (0x0000000087db2660) thrown at [./src/hotspot/share/prims/jni.cpp, line 615]
Event: 76.133 Thread 0x0000020b36c8e800 Exception <a 'sun/nio/fs/WindowsException'{0x0000000087dbba00}> (0x0000000087dbba00) thrown at [./src/hotspot/share/prims/jni.cpp, line 615]
Event: 76.135 Thread 0x0000020b36c8e800 Exception <a 'sun/nio/fs/WindowsException'{0x0000000087dc3078}> (0x0000000087dc3078) thrown at [./src/hotspot/share/prims/jni.cpp, line 615]
Event: 76.137 Thread 0x0000020b36c8e800 Exception <a 'sun/nio/fs/WindowsException'{0x0000000087dcb940}> (0x0000000087dcb940) thrown at [./src/hotspot/share/prims/jni.cpp, line 615]
Event: 76.139 Thread 0x0000020b36c8e800 Exception <a 'sun/nio/fs/WindowsException'{0x0000000087dd5968}> (0x0000000087dd5968) thrown at [./src/hotspot/share/prims/jni.cpp, line 615]
Event: 76.140 Thread 0x0000020b36c8e800 Exception <a 'sun/nio/fs/WindowsException'{0x0000000087ddcf18}> (0x0000000087ddcf18) thrown at [./src/hotspot/share/prims/jni.cpp, line 615]
Event: 76.141 Thread 0x0000020b36c8e800 Exception <a 'sun/nio/fs/WindowsException'{0x0000000087de33f8}> (0x0000000087de33f8) thrown at [./src/hotspot/share/prims/jni.cpp, line 615]
Event: 76.143 Thread 0x0000020b36c8e800 Exception <a 'sun/nio/fs/WindowsException'{0x0000000087df4a98}> (0x0000000087df4a98) thrown at [./src/hotspot/share/prims/jni.cpp, line 615]
Event: 76.146 Thread 0x0000020b36c8e800 Exception <a 'sun/nio/fs/WindowsException'{0x0000000087c0eeb0}> (0x0000000087c0eeb0) thrown at [./src/hotspot/share/prims/jni.cpp, line 615]
Event: 76.148 Thread 0x0000020b36c8e800 Exception <a 'sun/nio/fs/WindowsException'{0x0000000087c19e18}> (0x0000000087c19e18) thrown at [./src/hotspot/share/prims/jni.cpp, line 615]
Event: 76.151 Thread 0x0000020b36c8e800 Exception <a 'sun/nio/fs/WindowsException'{0x0000000087c38758}> (0x0000000087c38758) thrown at [./src/hotspot/share/prims/jni.cpp, line 615]

Events (20 events):
Event: 75.951 Executing VM operation: ICBufferFull
Event: 75.951 Executing VM operation: ICBufferFull done
Event: 76.028 Executing VM operation: ICBufferFull
Event: 76.029 Executing VM operation: ICBufferFull done
Event: 76.033 Executing VM operation: G1CollectForAllocation
Event: 76.038 Executing VM operation: G1CollectForAllocation done
Event: 76.086 Executing VM operation: ICBufferFull
Event: 76.086 Executing VM operation: ICBufferFull done
Event: 76.100 Executing VM operation: G1CollectForAllocation
Event: 76.108 Executing VM operation: G1CollectForAllocation done
Event: 76.160 loading class java/util/EnumMap$Values
Event: 76.160 loading class java/util/EnumMap$Values done
Event: 76.160 loading class java/util/EnumMap$ValueIterator
Event: 76.160 loading class java/util/EnumMap$ValueIterator done
Event: 76.162 loading class com/sun/tools/javac/util/ListBuffer
Event: 76.162 loading class com/sun/tools/javac/util/ListBuffer done
Event: 76.163 loading class com/sun/tools/javac/util/ListBuffer
Event: 76.163 loading class com/sun/tools/javac/util/ListBuffer done
Event: 76.163 Executing VM operation: RevokeBias
Event: 76.163 Executing VM operation: RevokeBias done


Dynamic libraries:
0x00007ff6ef1b0000 - 0x00007ff6ef1ba000 	D:\as\jre\bin\java.exe
0x00007ffae8b50000 - 0x00007ffae8d45000 	C:\WINDOWS\SYSTEM32\ntdll.dll
0x00007ffae79f0000 - 0x00007ffae7aae000 	C:\WINDOWS\System32\KERNEL32.DLL
0x00007ffae6670000 - 0x00007ffae6938000 	C:\WINDOWS\System32\KERNELBASE.dll
0x00007ffae6350000 - 0x00007ffae6450000 	C:\WINDOWS\System32\ucrtbase.dll
0x00007ffac55c0000 - 0x00007ffac55d7000 	D:\as\jre\bin\VCRUNTIME140.dll
0x00007ffac5570000 - 0x00007ffac5589000 	D:\as\jre\bin\jli.dll
0x00007ffae6ba0000 - 0x00007ffae6d41000 	C:\WINDOWS\System32\USER32.dll
0x00007ffae6450000 - 0x00007ffae6472000 	C:\WINDOWS\System32\win32u.dll
0x00007ffae7740000 - 0x00007ffae776b000 	C:\WINDOWS\System32\GDI32.dll
0x00007ffae6480000 - 0x00007ffae658b000 	C:\WINDOWS\System32\gdi32full.dll
0x00007ffae6940000 - 0x00007ffae69dd000 	C:\WINDOWS\System32\msvcp_win.dll
0x00007ffacdfa0000 - 0x00007fface23a000 	C:\WINDOWS\WinSxS\amd64_microsoft.windows.common-controls_6595b64144ccf1df_6.0.19041.1110_none_60b5254171f9507e\COMCTL32.dll
0x00007ffae76a0000 - 0x00007ffae773e000 	C:\WINDOWS\System32\msvcrt.dll
0x00007ffae8010000 - 0x00007ffae8040000 	C:\WINDOWS\System32\IMM32.DLL
0x00007ffaa98d0000 - 0x00007ffaa996d000 	D:\as\jre\bin\msvcp140.dll
0x00007ffa91bf0000 - 0x00007ffa926bf000 	D:\as\jre\bin\server\jvm.dll
0x00007ffae7160000 - 0x00007ffae720c000 	C:\WINDOWS\System32\ADVAPI32.dll
0x00007ffae6d50000 - 0x00007ffae6deb000 	C:\WINDOWS\System32\sechost.dll
0x00007ffae7890000 - 0x00007ffae79ba000 	C:\WINDOWS\System32\RPCRT4.dll
0x00007ffae7810000 - 0x00007ffae7818000 	C:\WINDOWS\System32\PSAPI.DLL
0x00007ffadd5a0000 - 0x00007ffadd5a9000 	C:\WINDOWS\SYSTEM32\WSOCK32.dll
0x00007ffad8300000 - 0x00007ffad8327000 	C:\WINDOWS\SYSTEM32\WINMM.dll
0x00007ffadca70000 - 0x00007ffadca7a000 	C:\WINDOWS\SYSTEM32\VERSION.dll
0x00007ffae7820000 - 0x00007ffae788b000 	C:\WINDOWS\System32\WS2_32.dll
0x00007ffae4af0000 - 0x00007ffae4b02000 	C:\WINDOWS\SYSTEM32\kernel.appcore.dll
0x00007ffade440000 - 0x00007ffade451000 	D:\as\jre\bin\verify.dll
0x00007ffae4800000 - 0x00007ffae49e4000 	C:\WINDOWS\SYSTEM32\DBGHELP.DLL
0x00007ffacc290000 - 0x00007ffacc2bc000 	C:\WINDOWS\SYSTEM32\dbgcore.DLL
0x00007ffae6270000 - 0x00007ffae62f3000 	C:\WINDOWS\System32\bcryptPrimitives.dll
0x00007ffadae70000 - 0x00007ffadae99000 	D:\as\jre\bin\java.dll
0x00007ffae10a0000 - 0x00007ffae10ab000 	D:\as\jre\bin\jimage.dll
0x00007ffade380000 - 0x00007ffade398000 	D:\as\jre\bin\zip.dll
0x00007ffae81c0000 - 0x00007ffae88ff000 	C:\WINDOWS\System32\SHELL32.dll
0x00007ffae4070000 - 0x00007ffae4800000 	C:\WINDOWS\SYSTEM32\windows.storage.dll
0x00007ffae7340000 - 0x00007ffae7695000 	C:\WINDOWS\System32\combase.dll
0x00007ffae5cc0000 - 0x00007ffae5cee000 	C:\WINDOWS\SYSTEM32\Wldp.dll
0x00007ffae6f10000 - 0x00007ffae6fbd000 	C:\WINDOWS\System32\SHCORE.dll
0x00007ffae6eb0000 - 0x00007ffae6f05000 	C:\WINDOWS\System32\shlwapi.dll
0x00007ffae61b0000 - 0x00007ffae61cf000 	C:\WINDOWS\SYSTEM32\profapi.dll
0x00007ffacdcd0000 - 0x00007ffacdcea000 	D:\as\jre\bin\net.dll
0x00007ffad6360000 - 0x00007ffad646c000 	C:\WINDOWS\SYSTEM32\WINHTTP.dll
0x00007ffae5a20000 - 0x00007ffae5a8a000 	C:\WINDOWS\system32\mswsock.dll
0x00007ffacc2f0000 - 0x00007ffacc304000 	D:\as\jre\bin\nio.dll
0x00007ffade4c0000 - 0x00007ffade4e7000 	D:\java1818\native\8bec1ad78214c89d9ad589b4d07fe93259594b29d510b10fafb7a158f7737e5d\windows-amd64\native-platform.dll
0x00007ffaa5b50000 - 0x00007ffaa5c8d000 	D:\java1818\native\53dbd7edfb1c66fb8903c78663c9afc45aea4f116125fa6feffd364cf09443e8\windows-amd64\native-platform-file-events.dll
0x00007ffae1010000 - 0x00007ffae101a000 	D:\as\jre\bin\management.dll
0x00007ffade4b0000 - 0x00007ffade4bc000 	D:\as\jre\bin\management_ext.dll
0x00007ffae5c10000 - 0x00007ffae5c28000 	C:\WINDOWS\SYSTEM32\CRYPTSP.dll
0x00007ffae5330000 - 0x00007ffae5364000 	C:\WINDOWS\system32\rsaenh.dll
0x00007ffae6640000 - 0x00007ffae6667000 	C:\WINDOWS\System32\bcrypt.dll
0x00007ffae6170000 - 0x00007ffae619e000 	C:\WINDOWS\SYSTEM32\USERENV.dll
0x00007ffae5c30000 - 0x00007ffae5c3c000 	C:\WINDOWS\SYSTEM32\CRYPTBASE.dll
0x00007ffae56c0000 - 0x00007ffae56fb000 	C:\WINDOWS\SYSTEM32\IPHLPAPI.DLL
0x00007ffae79c0000 - 0x00007ffae79c8000 	C:\WINDOWS\System32\NSI.dll
0x00007ffadc370000 - 0x00007ffadc387000 	C:\WINDOWS\SYSTEM32\dhcpcsvc6.DLL
0x00007ffadc710000 - 0x00007ffadc72d000 	C:\WINDOWS\SYSTEM32\dhcpcsvc.DLL
0x00007ffae5710000 - 0x00007ffae57db000 	C:\WINDOWS\SYSTEM32\DNSAPI.dll

dbghelp: loaded successfully - version: 4.0.5 - missing functions: none
symbol engine: initialized successfully - sym options: 0x614 - pdb path: .;D:\as\jre\bin;C:\WINDOWS\SYSTEM32;C:\WINDOWS\WinSxS\amd64_microsoft.windows.common-controls_6595b64144ccf1df_6.0.19041.1110_none_60b5254171f9507e;D:\as\jre\bin\server;D:\java1818\native\8bec1ad78214c89d9ad589b4d07fe93259594b29d510b10fafb7a158f7737e5d\windows-amd64;D:\java1818\native\53dbd7edfb1c66fb8903c78663c9afc45aea4f116125fa6feffd364cf09443e8\windows-amd64

VM Arguments:
jvm_args: --add-opens=java.base/java.util=ALL-UNNAMED --add-opens=java.base/java.lang=ALL-UNNAMED --add-opens=java.base/java.lang.invoke=ALL-UNNAMED --add-opens=java.base/java.util=ALL-UNNAMED --add-opens=java.prefs/java.util.prefs=ALL-UNNAMED --add-opens=java.prefs/java.util.prefs=ALL-UNNAMED --add-opens=java.base/java.nio.charset=ALL-UNNAMED --add-opens=java.base/java.net=ALL-UNNAMED --add-opens=java.base/java.util.concurrent.atomic=ALL-UNNAMED -Xmx2048m -Dfile.encoding=UTF-8 -Duser.country=CN -Duser.language=zh -Duser.variant 
java_command: org.gradle.launcher.daemon.bootstrap.GradleDaemon 7.0.2
java_class_path (initial): D:\java1818\wrapper\dists\gradle-7.0.2-bin\857tjihv64xamwrf0h14cai3r\gradle-7.0.2\lib\gradle-launcher-7.0.2.jar
Launcher Type: SUN_STANDARD

[Global flags]
     intx CICompilerCount                          = 4                                         {product} {ergonomic}
     uint ConcGCThreads                            = 2                                         {product} {ergonomic}
     uint G1ConcRefinementThreads                  = 8                                         {product} {ergonomic}
   size_t G1HeapRegionSize                         = 1048576                                   {product} {ergonomic}
    uintx GCDrainStackTargetSize                   = 64                                        {product} {ergonomic}
   size_t InitialHeapSize                          = 134217728                                 {product} {ergonomic}
   size_t MarkStackSize                            = 4194304                                   {product} {ergonomic}
   size_t MaxHeapSize                              = 2147483648                                {product} {command line}
   size_t MaxNewSize                               = 1287651328                                {product} {ergonomic}
   size_t MinHeapDeltaBytes                        = 1048576                                   {product} {ergonomic}
    uintx NonNMethodCodeHeapSize                   = 5836300                                {pd product} {ergonomic}
    uintx NonProfiledCodeHeapSize                  = 122910970                              {pd product} {ergonomic}
    uintx ProfiledCodeHeapSize                     = 122910970                              {pd product} {ergonomic}
    uintx ReservedCodeCacheSize                    = 251658240                              {pd product} {ergonomic}
     bool SegmentedCodeCache                       = true                                      {product} {ergonomic}
     bool UseCompressedClassPointers               = true                                 {lp64_product} {ergonomic}
     bool UseCompressedOops                        = true                                 {lp64_product} {ergonomic}
     bool UseG1GC                                  = true                                      {product} {ergonomic}
     bool UseLargePagesIndividualAllocation        = false                                  {pd product} {ergonomic}

Logging:
Log output configuration:
 #0: stdout all=warning uptime,level,tags
 #1: stderr all=off uptime,level,tags

Environment Variables:
CLASSPATH=C:\apache-tomcat-9.0.52\lib\servlet-api.jar;
PATH=C:\Program Files (x86)\Common Files\Oracle\Java\javapath;C:\Windows\system32;C:\Windows;C:\Windows\System32\Wbem;C:\Windows\System32\WindowsPowerShell\v1.0\;C:\Windows\System32\OpenSSH\;C:\Program Files (x86)\NVIDIA Corporation\PhysX\Common;C:\Program Files\NVIDIA Corporation\NVIDIA NvDLISR;C:\WINDOWS\system32;C:\WINDOWS;C:\WINDOWS\System32\Wbem;C:\WINDOWS\System32\WindowsPowerShell\v1.0\;C:\WINDOWS\System32\OpenSSH\;D:\svn\bin;C:\Program Files\dotnet\;D:\git gui\Git\cmd;C:\apache-tomcat-9.0.52\bin;C:\apache-tomcat-9.0.52\lib;D:\anaconda;D:\anaconda\Library\mingw-w64\bin;D:\anaconda\Library\usr\bin;D:\anaconda\Library\bin;D:\anaconda\Scripts;C:\Program Files\MySQL\MySQL Shell 8.0\bin\;C:\Users\12612\AppData\Local\Microsoft\WindowsApps;C:\Users\12612\.dotnet\tools;%JAVA_HOME%\bin;%JAVA_HOME%\jre\bin;D:\idea\IntelliJ IDEA Community Edition 2021.2.1\bin;;C:\apache-tomcat-9.0.52\lib;C:\apache-tomcat-9.0.52\bin;D:\idea\IntelliJ IDEA 2021.2.1\bin;;D:\MiKTeX\miktex\bin\x64\
USERNAME=12612
OS=Windows_NT
PROCESSOR_IDENTIFIER=Intel64 Family 6 Model 158 Stepping 10, GenuineIntel



---------------  S Y S T E M  ---------------

OS: Windows 10 , 64 bit Build 19041 (10.0.19041.1348)
OS uptime: 0 days 6:12 hours

CPU:total 8 (initial active 8) (4 cores per cpu, 2 threads per core) family 6 model 158 stepping 10 microcode 0xb4, cmov, cx8, fxsr, mmx, sse, sse2, sse3, ssse3, sse4.1, sse4.2, popcnt, avx, avx2, aes, clmul, erms, 3dnowpref, lzcnt, ht, tsc, tscinvbit, bmi1, bmi2, adx, fma

Memory: 4k page, system-wide physical 8112M (224M free)
TotalPageFile size 20912M (AvailPageFile size 0M)
current process WorkingSet (physical memory assigned to process): 384M, peak: 390M
current process commit charge ("private bytes"): 419M, peak: 424M

vm_info: OpenJDK 64-Bit Server VM (11.0.10+0-b96-7249189) for windows-amd64 JRE (11.0.10+0-b96-7249189), built on Mar 31 2021 21:44:00 by "builder" with MS VC++ 14.0 (VS2015)

END.
